<?xml version="1.0" encoding="UTF-8"?>
<!-- Generated by org.testng.reporters.JUnitReportReporter -->
<testsuite hostname="LTIN217850" failures="0" tests="2" name="TestCase.TC04_LoginPage" time="0.000" errors="0" timestamp="2024-02-19T13:53:37 IST" skipped="2">
  <testcase classname="TestCase.TC04_LoginPage" name="LoginPageInHome" time="0.000">
    <skipped/>
  </testcase> <!-- LoginPageInHome -->
  <testcase classname="TestCase.TC04_LoginPage" name="errorMessage" time="0.000">
    <skipped/>
  </testcase> <!-- errorMessage -->
</testsuite> <!-- TestCase.TC04_LoginPage -->
