<?xml version="1.0" encoding="UTF-8"?>
<!-- Generated by org.testng.reporters.JUnitReportReporter -->
<testsuite hostname="LTIN217850" failures="0" tests="2" name="TestCase.TC02_UpcomingBikes" time="0.000" errors="0" timestamp="2024-02-19T13:53:37 IST" skipped="2">
  <testcase classname="TestCase.TC02_UpcomingBikes" name="ManufacturerDrpDown" time="0.000">
    <skipped/>
  </testcase> <!-- ManufacturerDrpDown -->
  <testcase classname="TestCase.TC02_UpcomingBikes" name="bikeDetails" time="0.000">
    <skipped/>
  </testcase> <!-- bikeDetails -->
</testsuite> <!-- TestCase.TC02_UpcomingBikes -->
