<?xml version="1.0" encoding="UTF-8"?>
<!-- Generated by org.testng.reporters.JUnitReportReporter -->
<testsuite hostname="LTIN217850" failures="0" tests="3" name="TestCase.TC03_UsedCars" time="0.001" errors="0" timestamp="2024-02-19T13:53:37 IST" skipped="3">
  <testcase classname="TestCase.TC03_UsedCars" name="hoverOnUsedCars" time="0.000">
    <skipped/>
  </testcase> <!-- hoverOnUsedCars -->
  <testcase classname="TestCase.TC03_UsedCars" name="location" time="0.001">
    <skipped/>
  </testcase> <!-- location -->
  <testcase classname="TestCase.TC03_UsedCars" name="brandAvailable" time="0.000">
    <skipped/>
  </testcase> <!-- brandAvailable -->
</testsuite> <!-- TestCase.TC03_UsedCars -->
