<?xml version="1.0" encoding="UTF-8"?>
<!-- Generated by org.testng.reporters.JUnitReportReporter -->
<testsuite hostname="LTIN217850" failures="0" tests="1" name="TestCase.TC01_HomePage" time="5.272" errors="0" timestamp="2024-02-15T11:47:47 IST" skipped="0">
  <testcase classname="TestCase.TC01_HomePage" name="homepage" time="5.272"/>
</testsuite> <!-- TestCase.TC01_HomePage -->
